Determining if the pthread_create exist failed with the following output:
Change Dir: /home/karl/Documents/color-constancy/cctk/cmake-build-debug/CMakeFiles/CMakeTmp

Run Build Command:"/usr/bin/make" "cmTC_10770/fast"
/usr/bin/make -f CMakeFiles/cmTC_10770.dir/build.make CMakeFiles/cmTC_10770.dir/build
make[1]: 进入目录“/home/karl/Documents/color-constancy/cctk/cmake-build-debug/CMakeFiles/CMakeTmp”
Building C object CMakeFiles/cmTC_10770.dir/CheckSymbolExists.c.o
/usr/bin/cc    -o CMakeFiles/cmTC_10770.dir/CheckSymbolExists.c.o   -c /home/karl/Documents/color-constancy/cctk/cmake-build-debug/CMakeFiles/CMakeTmp/CheckSymbolExists.c
Linking C executable cmTC_10770
/home/karl/.local/share/JetBrains/Toolbox/apps/CLion/ch-0/182.4892.24/bin/cmake/linux/bin/cmake -E cmake_link_script CMakeFiles/cmTC_10770.dir/link.txt --verbose=1
/usr/bin/cc      CMakeFiles/cmTC_10770.dir/CheckSymbolExists.c.o  -o cmTC_10770 
/usr/bin/ld: CMakeFiles/cmTC_10770.dir/CheckSymbolExists.c.o: in function `main':
CheckSymbolExists.c:(.text+0x1b): undefined reference to `pthread_create'
collect2: 错误：ld 返回 1
make[1]: *** [CMakeFiles/cmTC_10770.dir/build.make:87：cmTC_10770] 错误 1
make[1]: 离开目录“/home/karl/Documents/color-constancy/cctk/cmake-build-debug/CMakeFiles/CMakeTmp”
make: *** [Makefile:121：cmTC_10770/fast] 错误 2

File /home/karl/Documents/color-constancy/cctk/cmake-build-debug/CMakeFiles/CMakeTmp/CheckSymbolExists.c:
/* */
#include <pthread.h>

int main(int argc, char** argv)
{
  (void)argv;
#ifndef pthread_create
  return ((int*)(&pthread_create))[argc];
#else
  (void)argc;
  return 0;
#endif
}

Determining if the function pthread_create exists in the pthreads failed with the following output:
Change Dir: /home/karl/Documents/color-constancy/cctk/cmake-build-debug/CMakeFiles/CMakeTmp

Run Build Command:"/usr/bin/make" "cmTC_7c262/fast"
/usr/bin/make -f CMakeFiles/cmTC_7c262.dir/build.make CMakeFiles/cmTC_7c262.dir/build
make[1]: 进入目录“/home/karl/Documents/color-constancy/cctk/cmake-build-debug/CMakeFiles/CMakeTmp”
Building C object CMakeFiles/cmTC_7c262.dir/CheckFunctionExists.c.o
/usr/bin/cc   -DCHECK_FUNCTION_EXISTS=pthread_create   -o CMakeFiles/cmTC_7c262.dir/CheckFunctionExists.c.o   -c /home/karl/.local/share/JetBrains/Toolbox/apps/CLion/ch-0/182.4892.24/bin/cmake/linux/share/cmake-3.12/Modules/CheckFunctionExists.c
Linking C executable cmTC_7c262
/home/karl/.local/share/JetBrains/Toolbox/apps/CLion/ch-0/182.4892.24/bin/cmake/linux/bin/cmake -E cmake_link_script CMakeFiles/cmTC_7c262.dir/link.txt --verbose=1
/usr/bin/cc  -DCHECK_FUNCTION_EXISTS=pthread_create    CMakeFiles/cmTC_7c262.dir/CheckFunctionExists.c.o  -o cmTC_7c262 -lpthreads 
/usr/bin/ld: 找不到 -lpthreads
collect2: 错误：ld 返回 1
make[1]: *** [CMakeFiles/cmTC_7c262.dir/build.make:87：cmTC_7c262] 错误 1
make[1]: 离开目录“/home/karl/Documents/color-constancy/cctk/cmake-build-debug/CMakeFiles/CMakeTmp”
make: *** [Makefile:121：cmTC_7c262/fast] 错误 2


